-------------------------------------------------------------------------------
Test set: TestGoogle.TestPage
-------------------------------------------------------------------------------
Tests run: 2, Failures: 1, Errors: 0, Skipped: 0, Time elapsed: 30.16 s <<< FAILURE! - in TestGoogle.TestPage
searchFromTable(TestGoogle.TestPage)  Time elapsed: 3.376 s  <<< FAILURE!
java.lang.IllegalArgumentException: Keys to send should be a not null CharSequence
	at TestGoogle.TestPage.searchFromTable(TestPage.java:43)

