<?xml version="1.0" encoding="UTF-8"?>
<!-- Generated by org.testng.reporters.JUnitXMLReporter -->
<testsuite ignored="0" hostname="Mds-MacBook-Pro-2.local" failures="1" tests="2" name="Surefire test" time="29.677" errors="0" timestamp="2020-02-26T21:12:16 EST">
  <testcase classname="TestGoogle.TestPage" name="searchFromDatabase" time="18.999"/>
  <testcase classname="TestGoogle.TestPage" name="searchFromTable" time="3.372">
    <failure type="java.lang.IllegalArgumentException" message="Keys to send should be a not null CharSequence">
      <![CDATA[java.lang.IllegalArgumentException: Keys to send should be a not null CharSequence
at org.openqa.selenium.remote.RemoteWebElement.sendKeys(RemoteWebElement.java:97)
at TestGoogle.TestPage.searchFromTable(TestPage.java:43)
at java.base/java.util.ArrayList.forEach(ArrayList.java:1507)
... Removed 32 stack frames]]>
    </failure>
  </testcase> <!-- searchFromTable -->
</testsuite> <!-- Surefire test -->
